<?xml version="1.0" encoding="UTF-8"?>
<!-- Generated by org.testng.reporters.JUnitReportReporter -->
<testsuite hostname="vishnu-HP-15-Notebook-PC" failures="0" tests="1" name="Scripts.TestCase1" time="41.907" errors="0" timestamp="2023-09-07T13:28:10 IST" skipped="0">
  <testcase classname="Scripts.TestCase1" name="tc1" time="41.907"/>
</testsuite> <!-- Scripts.TestCase1 -->
